12:42:35 **** Incremental Build of configuration Debug for project LAB2_timer ****
make -j8 all 
arm-none-eabi-gcc "../Core/Src/main.c" -mcpu=cortex-m3 -std=gnu11 -g3 -DDEBUG -DUSE_HAL_DRIVER -DSTM32F103x6 -c -I../Core/Inc -I../Drivers/STM32F1xx_HAL_Driver/Inc/Legacy -I../Drivers/STM32F1xx_HAL_Driver/Inc -I../Drivers/CMSIS/Device/ST/STM32F1xx/Include -I../Drivers/CMSIS/Include -O0 -ffunction-sections -fdata-sections -Wall -fstack-usage -fcyclomatic-complexity -MMD -MP -MF"Core/Src/main.d" -MT"Core/Src/main.o" --specs=nano.specs -mfloat-abi=soft -mthumb -o "Core/Src/main.o"
arm-none-eabi-gcc -o "LAB2_timer.elf" @"objects.list"   -mcpu=cortex-m3 -T"D:\STM32\STM32LAB2\LAB2\LAB2_timer\STM32F103C6UX_FLASH.ld" --specs=nosys.specs -Wl,-Map="LAB2_timer.map" -Wl,--gc-sections -static --specs=nano.specs -mfloat-abi=soft -mthumb -Wl,--start-group -lc -lm -Wl,--end-group
Finished building target: LAB2_timer.elf
 
arm-none-eabi-size  LAB2_timer.elf 
arm-none-eabi-objdump -h -S LAB2_timer.elf  > "LAB2_timer.list"
   text	   data	    bss	    dec	    hex	filename
   7052	     12	   1668	   8732	   221c	LAB2_timer.elf
arm-none-eabi-objcopy  -O ihex LAB2_timer.elf  "LAB2_timer.hex"
arm-none-eabi-objcopy  -O binary LAB2_timer.elf  "LAB2_timer.bin"
Finished building: default.size.stdout
 
Finished building: LAB2_timer.hex
Finished building: LAB2_timer.list
 
Finished building: LAB2_timer.bin
 
 
12:44:26 **** Incremental Build of configuration Debug for project LAB2_timer ****
make -j8 all 
arm-none-eabi-gcc "../Core/Src/main.c" -mcpu=cortex-m3 -std=gnu11 -g3 -DDEBUG -DUSE_HAL_DRIVER -DSTM32F103x6 -c -I../Core/Inc -I../Drivers/STM32F1xx_HAL_Driver/Inc/Legacy -I../Drivers/STM32F1xx_HAL_Driver/Inc -I../Drivers/CMSIS/Device/ST/STM32F1xx/Include -I../Drivers/CMSIS/Include -O0 -ffunction-sections -fdata-sections -Wall -fstack-usage -fcyclomatic-complexity -MMD -MP -MF"Core/Src/main.d" -MT"Core/Src/main.o" --specs=nano.specs -mfloat-abi=soft -mthumb -o "Core/Src/main.o"
arm-none-eabi-gcc -o "LAB2_timer.elf" @"objects.list"   -mcpu=cortex-m3 -T"D:\STM32\STM32LAB2\LAB2\LAB2_timer\STM32F103C6UX_FLASH.ld" --specs=nosys.specs -Wl,-Map="LAB2_timer.map" -Wl,--gc-sections -static --specs=nano.specs -mfloat-abi=soft -mthumb -Wl,--start-group -lc -lm -Wl,--end-group
Finished building target: LAB2_timer.elf
 
arm-none-eabi-size  LAB2_timer.elf 
arm-none-eabi-objdump -h -S LAB2_timer.elf  > "LAB2_timer.list"
arm-none-eabi-objcopy  -O ihex LAB2_timer.elf  "LAB2_timer.hex"
   text	   data	    bss	    dec	    hex	filename
   8632	     20	   1700	  10352	   2870	LAB2_timer.elf
arm-none-eabi-objcopy  -O binary LAB2_timer.elf  "LAB2_timer.bin"
Finished building: default.size.stdout
 
Finished building: LAB2_timer.hex
Finished building: LAB2_timer.list
 
Finished building: LAB2_timer.bin
 
 
14:00:12 **** Incremental Build of configuration Debug for project LAB2_timer ****
make -j8 all 
arm-none-eabi-gcc "../Core/Src/LAB2.c" -mcpu=cortex-m3 -std=gnu11 -g3 -DDEBUG -DUSE_HAL_DRIVER -DSTM32F103x6 -c -I../Core/Inc -I../Drivers/STM32F1xx_HAL_Driver/Inc/Legacy -I../Drivers/STM32F1xx_HAL_Driver/Inc -I../Drivers/CMSIS/Device/ST/STM32F1xx/Include -I../Drivers/CMSIS/Include -O0 -ffunction-sections -fdata-sections -Wall -fstack-usage -fcyclomatic-complexity -MMD -MP -MF"Core/Src/LAB2.d" -MT"Core/Src/LAB2.o" --specs=nano.specs -mfloat-abi=soft -mthumb -o "Core/Src/LAB2.o"
arm-none-eabi-gcc "../Core/Src/LAB2_Init.c" -mcpu=cortex-m3 -std=gnu11 -g3 -DDEBUG -DUSE_HAL_DRIVER -DSTM32F103x6 -c -I../Core/Inc -I../Drivers/STM32F1xx_HAL_Driver/Inc/Legacy -I../Drivers/STM32F1xx_HAL_Driver/Inc -I../Drivers/CMSIS/Device/ST/STM32F1xx/Include -I../Drivers/CMSIS/Include -O0 -ffunction-sections -fdata-sections -Wall -fstack-usage -fcyclomatic-complexity -MMD -MP -MF"Core/Src/LAB2_Init.d" -MT"Core/Src/LAB2_Init.o" --specs=nano.specs -mfloat-abi=soft -mthumb -o "Core/Src/LAB2_Init.o"
arm-none-eabi-gcc "../Core/Src/main.c" -mcpu=cortex-m3 -std=gnu11 -g3 -DDEBUG -DUSE_HAL_DRIVER -DSTM32F103x6 -c -I../Core/Inc -I../Drivers/STM32F1xx_HAL_Driver/Inc/Legacy -I../Drivers/STM32F1xx_HAL_Driver/Inc -I../Drivers/CMSIS/Device/ST/STM32F1xx/Include -I../Drivers/CMSIS/Include -O0 -ffunction-sections -fdata-sections -Wall -fstack-usage -fcyclomatic-complexity -MMD -MP -MF"Core/Src/main.d" -MT"Core/Src/main.o" --specs=nano.specs -mfloat-abi=soft -mthumb -o "Core/Src/main.o"
../Core/Src/LAB2.c: In function 'updateClockBuffer':
../Core/Src/LAB2.c:238:1: error: number of arguments doesn't match prototype
  238 | void updateClockBuffer (){
      | ^~~~
In file included from ../Core/Src/LAB2.c:9:
../Core/Inc/LAB2.h:63:6: error: prototype declaration
   63 | void updateClockBuffer (int index, int hout, int minute) ; //ex7
      |      ^~~~~~~~~~~~~~~~~
make: *** [Core/Src/subdir.mk:43: Core/Src/LAB2.o] Error 1
make: *** Waiting for unfinished jobs....
"make -j8 all" terminated with exit code 2. Build might be incomplete.
14:00:33 **** Incremental Build of configuration Debug for project LAB2_timer ****
make -j8 all 
arm-none-eabi-gcc "../Core/Src/LAB2.c" -mcpu=cortex-m3 -std=gnu11 -g3 -DDEBUG -DUSE_HAL_DRIVER -DSTM32F103x6 -c -I../Core/Inc -I../Drivers/STM32F1xx_HAL_Driver/Inc/Legacy -I../Drivers/STM32F1xx_HAL_Driver/Inc -I../Drivers/CMSIS/Device/ST/STM32F1xx/Include -I../Drivers/CMSIS/Include -O0 -ffunction-sections -fdata-sections -Wall -fstack-usage -fcyclomatic-complexity -MMD -MP -MF"Core/Src/LAB2.d" -MT"Core/Src/LAB2.o" --specs=nano.specs -mfloat-abi=soft -mthumb -o "Core/Src/LAB2.o"
arm-none-eabi-gcc "../Core/Src/LAB2_Init.c" -mcpu=cortex-m3 -std=gnu11 -g3 -DDEBUG -DUSE_HAL_DRIVER -DSTM32F103x6 -c -I../Core/Inc -I../Drivers/STM32F1xx_HAL_Driver/Inc/Legacy -I../Drivers/STM32F1xx_HAL_Driver/Inc -I../Drivers/CMSIS/Device/ST/STM32F1xx/Include -I../Drivers/CMSIS/Include -O0 -ffunction-sections -fdata-sections -Wall -fstack-usage -fcyclomatic-complexity -MMD -MP -MF"Core/Src/LAB2_Init.d" -MT"Core/Src/LAB2_Init.o" --specs=nano.specs -mfloat-abi=soft -mthumb -o "Core/Src/LAB2_Init.o"
arm-none-eabi-gcc "../Core/Src/main.c" -mcpu=cortex-m3 -std=gnu11 -g3 -DDEBUG -DUSE_HAL_DRIVER -DSTM32F103x6 -c -I../Core/Inc -I../Drivers/STM32F1xx_HAL_Driver/Inc/Legacy -I../Drivers/STM32F1xx_HAL_Driver/Inc -I../Drivers/CMSIS/Device/ST/STM32F1xx/Include -I../Drivers/CMSIS/Include -O0 -ffunction-sections -fdata-sections -Wall -fstack-usage -fcyclomatic-complexity -MMD -MP -MF"Core/Src/main.d" -MT"Core/Src/main.o" --specs=nano.specs -mfloat-abi=soft -mthumb -o "Core/Src/main.o"
arm-none-eabi-gcc -o "LAB2_timer.elf" @"objects.list"   -mcpu=cortex-m3 -T"D:\STM32\STM32LAB2\LAB2\LAB2_timer\STM32F103C6UX_FLASH.ld" --specs=nosys.specs -Wl,-Map="LAB2_timer.map" -Wl,--gc-sections -static --specs=nano.specs -mfloat-abi=soft -mthumb -Wl,--start-group -lc -lm -Wl,--end-group
Finished building target: LAB2_timer.elf
 
arm-none-eabi-size  LAB2_timer.elf 
arm-none-eabi-objdump -h -S LAB2_timer.elf  > "LAB2_timer.list"
   text	   data	    bss	    dec	    hex	filename
   7416	     36	   1668	   9120	   23a0	LAB2_timer.elf
arm-none-eabi-objcopy  -O ihex LAB2_timer.elf  "LAB2_timer.hex"
Finished building: default.size.stdout
arm-none-eabi-objcopy  -O binary LAB2_timer.elf  "LAB2_timer.bin"
 
Finished building: LAB2_timer.hex
Finished building: LAB2_timer.list
Finished building: LAB2_timer.bin
 
 
 
14:01:28 **** Incremental Build of configuration Debug for project LAB2_timer ****
make -j8 all 
arm-none-eabi-gcc "../Core/Src/main.c" -mcpu=cortex-m3 -std=gnu11 -g3 -DDEBUG -DUSE_HAL_DRIVER -DSTM32F103x6 -c -I../Core/Inc -I../Drivers/STM32F1xx_HAL_Driver/Inc/Legacy -I../Drivers/STM32F1xx_HAL_Driver/Inc -I../Drivers/CMSIS/Device/ST/STM32F1xx/Include -I../Drivers/CMSIS/Include -O0 -ffunction-sections -fdata-sections -Wall -fstack-usage -fcyclomatic-complexity -MMD -MP -MF"Core/Src/main.d" -MT"Core/Src/main.o" --specs=nano.specs -mfloat-abi=soft -mthumb -o "Core/Src/main.o"
../Core/Src/main.c: In function 'main':
../Core/Src/main.c:198:30: error: 'index_led' undeclared (first use in this function)
  198 |                   update7SEG(index_led);
      |                              ^~~~~~~~~
../Core/Src/main.c:198:30: note: each undeclared identifier is reported only once for each function it appears in
../Core/Src/main.c:113:45: warning: unused variable 'index' [-Wunused-variable]
  113 |         setTimer1(1);   setTimer2(1);   int index=0, MAX_LED=4;         //ex7
      |                                             ^~~~~
make: *** [Core/Src/subdir.mk:43: Core/Src/main.o] Error 1
"make -j8 all" terminated with exit code 2. Build might be incomplete.
14:01:49 **** Incremental Build of configuration Debug for project LAB2_timer ****
make -j8 all 
arm-none-eabi-gcc "../Core/Src/main.c" -mcpu=cortex-m3 -std=gnu11 -g3 -DDEBUG -DUSE_HAL_DRIVER -DSTM32F103x6 -c -I../Core/Inc -I../Drivers/STM32F1xx_HAL_Driver/Inc/Legacy -I../Drivers/STM32F1xx_HAL_Driver/Inc -I../Drivers/CMSIS/Device/ST/STM32F1xx/Include -I../Drivers/CMSIS/Include -O0 -ffunction-sections -fdata-sections -Wall -fstack-usage -fcyclomatic-complexity -MMD -MP -MF"Core/Src/main.d" -MT"Core/Src/main.o" --specs=nano.specs -mfloat-abi=soft -mthumb -o "Core/Src/main.o"
arm-none-eabi-gcc -o "LAB2_timer.elf" @"objects.list"   -mcpu=cortex-m3 -T"D:\STM32\STM32LAB2\LAB2\LAB2_timer\STM32F103C6UX_FLASH.ld" --specs=nosys.specs -Wl,-Map="LAB2_timer.map" -Wl,--gc-sections -static --specs=nano.specs -mfloat-abi=soft -mthumb -Wl,--start-group -lc -lm -Wl,--end-group
Finished building target: LAB2_timer.elf
 
arm-none-eabi-size  LAB2_timer.elf 
arm-none-eabi-objdump -h -S LAB2_timer.elf  > "LAB2_timer.list"
   text	   data	    bss	    dec	    hex	filename
   8320	     28	   1668	  10016	   2720	LAB2_timer.elf
arm-none-eabi-objcopy  -O ihex LAB2_timer.elf  "LAB2_timer.hex"
Finished building: default.size.stdout
arm-none-eabi-objcopy  -O binary LAB2_timer.elf  "LAB2_timer.bin"
 
Finished building: LAB2_timer.hex
Finished building: LAB2_timer.list
Finished building: LAB2_timer.bin
 
 
 
14:02:38 **** Incremental Build of configuration Debug for project LAB2_timer ****
make -j8 all 
arm-none-eabi-gcc "../Core/Src/main.c" -mcpu=cortex-m3 -std=gnu11 -g3 -DDEBUG -DUSE_HAL_DRIVER -DSTM32F103x6 -c -I../Core/Inc -I../Drivers/STM32F1xx_HAL_Driver/Inc/Legacy -I../Drivers/STM32F1xx_HAL_Driver/Inc -I../Drivers/CMSIS/Device/ST/STM32F1xx/Include -I../Drivers/CMSIS/Include -O0 -ffunction-sections -fdata-sections -Wall -fstack-usage -fcyclomatic-complexity -MMD -MP -MF"Core/Src/main.d" -MT"Core/Src/main.o" --specs=nano.specs -mfloat-abi=soft -mthumb -o "Core/Src/main.o"
arm-none-eabi-gcc -o "LAB2_timer.elf" @"objects.list"   -mcpu=cortex-m3 -T"D:\STM32\STM32LAB2\LAB2\LAB2_timer\STM32F103C6UX_FLASH.ld" --specs=nosys.specs -Wl,-Map="LAB2_timer.map" -Wl,--gc-sections -static --specs=nano.specs -mfloat-abi=soft -mthumb -Wl,--start-group -lc -lm -Wl,--end-group
Finished building target: LAB2_timer.elf
 
arm-none-eabi-size  LAB2_timer.elf 
arm-none-eabi-objdump -h -S LAB2_timer.elf  > "LAB2_timer.list"
   text	   data	    bss	    dec	    hex	filename
   8564	     40	   1664	  10268	   281c	LAB2_timer.elf
arm-none-eabi-objcopy  -O ihex LAB2_timer.elf  "LAB2_timer.hex"
arm-none-eabi-objcopy  -O binary LAB2_timer.elf  "LAB2_timer.bin"
Finished building: default.size.stdout
 
Finished building: LAB2_timer.hex
Finished building: LAB2_timer.list
Finished building: LAB2_timer.bin
 
 
 
14:07:18 **** Incremental Build of configuration Debug for project LAB2_timer ****
make -j8 all 
arm-none-eabi-gcc "../Core/Src/main.c" -mcpu=cortex-m3 -std=gnu11 -g3 -DDEBUG -DUSE_HAL_DRIVER -DSTM32F103x6 -c -I../Core/Inc -I../Drivers/STM32F1xx_HAL_Driver/Inc/Legacy -I../Drivers/STM32F1xx_HAL_Driver/Inc -I../Drivers/CMSIS/Device/ST/STM32F1xx/Include -I../Drivers/CMSIS/Include -O0 -ffunction-sections -fdata-sections -Wall -fstack-usage -fcyclomatic-complexity -MMD -MP -MF"Core/Src/main.d" -MT"Core/Src/main.o" --specs=nano.specs -mfloat-abi=soft -mthumb -o "Core/Src/main.o"
arm-none-eabi-gcc -o "LAB2_timer.elf" @"objects.list"   -mcpu=cortex-m3 -T"D:\STM32\STM32LAB2\LAB2\LAB2_timer\STM32F103C6UX_FLASH.ld" --specs=nosys.specs -Wl,-Map="LAB2_timer.map" -Wl,--gc-sections -static --specs=nano.specs -mfloat-abi=soft -mthumb -Wl,--start-group -lc -lm -Wl,--end-group
Finished building target: LAB2_timer.elf
 
arm-none-eabi-size  LAB2_timer.elf 
arm-none-eabi-objdump -h -S LAB2_timer.elf  > "LAB2_timer.list"
   text	   data	    bss	    dec	    hex	filename
   8564	     40	   1664	  10268	   281c	LAB2_timer.elf
arm-none-eabi-objcopy  -O ihex LAB2_timer.elf  "LAB2_timer.hex"
Finished building: default.size.stdout
arm-none-eabi-objcopy  -O binary LAB2_timer.elf  "LAB2_timer.bin"
 
Finished building: LAB2_timer.hex
Finished building: LAB2_timer.list
Finished building: LAB2_timer.bin
 
 
 
14:08:06 **** Incremental Build of configuration Debug for project LAB2_timer ****
make -j8 all 
arm-none-eabi-gcc "../Core/Src/main.c" -mcpu=cortex-m3 -std=gnu11 -g3 -DDEBUG -DUSE_HAL_DRIVER -DSTM32F103x6 -c -I../Core/Inc -I../Drivers/STM32F1xx_HAL_Driver/Inc/Legacy -I../Drivers/STM32F1xx_HAL_Driver/Inc -I../Drivers/CMSIS/Device/ST/STM32F1xx/Include -I../Drivers/CMSIS/Include -O0 -ffunction-sections -fdata-sections -Wall -fstack-usage -fcyclomatic-complexity -MMD -MP -MF"Core/Src/main.d" -MT"Core/Src/main.o" --specs=nano.specs -mfloat-abi=soft -mthumb -o "Core/Src/main.o"
arm-none-eabi-gcc -o "LAB2_timer.elf" @"objects.list"   -mcpu=cortex-m3 -T"D:\STM32\STM32LAB2\LAB2\LAB2_timer\STM32F103C6UX_FLASH.ld" --specs=nosys.specs -Wl,-Map="LAB2_timer.map" -Wl,--gc-sections -static --specs=nano.specs -mfloat-abi=soft -mthumb -Wl,--start-group -lc -lm -Wl,--end-group
Finished building target: LAB2_timer.elf
 
arm-none-eabi-size  LAB2_timer.elf 
arm-none-eabi-objdump -h -S LAB2_timer.elf  > "LAB2_timer.list"
   text	   data	    bss	    dec	    hex	filename
   8632	     20	   1700	  10352	   2870	LAB2_timer.elf
arm-none-eabi-objcopy  -O ihex LAB2_timer.elf  "LAB2_timer.hex"
arm-none-eabi-objcopy  -O binary LAB2_timer.elf  "LAB2_timer.bin"
Finished building: default.size.stdout
 
Finished building: LAB2_timer.hex
Finished building: LAB2_timer.list
Finished building: LAB2_timer.bin
 
 
 
14:08:37 **** Incremental Build of configuration Debug for project LAB2_timer ****
make -j8 all 
arm-none-eabi-gcc "../Core/Src/main.c" -mcpu=cortex-m3 -std=gnu11 -g3 -DDEBUG -DUSE_HAL_DRIVER -DSTM32F103x6 -c -I../Core/Inc -I../Drivers/STM32F1xx_HAL_Driver/Inc/Legacy -I../Drivers/STM32F1xx_HAL_Driver/Inc -I../Drivers/CMSIS/Device/ST/STM32F1xx/Include -I../Drivers/CMSIS/Include -O0 -ffunction-sections -fdata-sections -Wall -fstack-usage -fcyclomatic-complexity -MMD -MP -MF"Core/Src/main.d" -MT"Core/Src/main.o" --specs=nano.specs -mfloat-abi=soft -mthumb -o "Core/Src/main.o"
arm-none-eabi-gcc -o "LAB2_timer.elf" @"objects.list"   -mcpu=cortex-m3 -T"D:\STM32\STM32LAB2\LAB2\LAB2_timer\STM32F103C6UX_FLASH.ld" --specs=nosys.specs -Wl,-Map="LAB2_timer.map" -Wl,--gc-sections -static --specs=nano.specs -mfloat-abi=soft -mthumb -Wl,--start-group -lc -lm -Wl,--end-group
Finished building target: LAB2_timer.elf
 
arm-none-eabi-size  LAB2_timer.elf 
arm-none-eabi-objdump -h -S LAB2_timer.elf  > "LAB2_timer.list"
   text	   data	    bss	    dec	    hex	filename
   7052	     12	   1668	   8732	   221c	LAB2_timer.elf
arm-none-eabi-objcopy  -O ihex LAB2_timer.elf  "LAB2_timer.hex"
Finished building: default.size.stdout
arm-none-eabi-objcopy  -O binary LAB2_timer.elf  "LAB2_timer.bin"
 
Finished building: LAB2_timer.list
Finished building: LAB2_timer.hex
Finished building: LAB2_timer.bin
 
 
 
